\BOOKMARK [1][-]{section.1}{Executive Summary}{}% 1
\BOOKMARK [2][-]{subsection.1.1}{Mission Statement}{section.1}% 2
\BOOKMARK [2][-]{subsection.1.2}{Objectives}{section.1}% 3
\BOOKMARK [1][-]{section.2}{Company Summary}{}% 4
\BOOKMARK [2][-]{subsection.2.1}{Company History}{section.2}% 5
\BOOKMARK [1][-]{section.3}{Products \046 Services}{}% 6
\BOOKMARK [2][-]{subsection.3.1}{Current Products \046 Services}{section.3}% 7
\BOOKMARK [2][-]{subsection.3.2}{Future Products \046 Services}{section.3}% 8
\BOOKMARK [1][-]{section.4}{Market Analysis}{}% 9
\BOOKMARK [2][-]{subsection.4.1}{Competitive Analysis}{section.4}% 10
\BOOKMARK [2][-]{subsection.4.2}{Target Market}{section.4}% 11
\BOOKMARK [3][-]{subsubsection.4.2.1}{Market Segmentation}{subsection.4.2}% 12
\BOOKMARK [3][-]{subsubsection.4.2.2}{Market Trends}{subsection.4.2}% 13
\BOOKMARK [1][-]{section.5}{Strategy \046 Implementation}{}% 14
\BOOKMARK [2][-]{subsection.5.1}{Design \046 Development Plan}{section.5}% 15
\BOOKMARK [3][-]{subsubsection.5.1.1}{Patents \046 Papers}{subsection.5.1}% 16
\BOOKMARK [2][-]{subsection.5.2}{Operations \046 Management Plan}{section.5}% 17
\BOOKMARK [3][-]{subsubsection.5.2.1}{Organizational Structure}{subsection.5.2}% 18
\BOOKMARK [2][-]{subsection.5.3}{Marketing \046 Sales Plan}{section.5}% 19
\BOOKMARK [1][-]{section.6}{Financial Plan}{}% 20
\BOOKMARK [2][-]{subsection.6.1}{Profit \046 Loss}{section.6}% 21
\BOOKMARK [2][-]{subsection.6.2}{Balance Sheet}{section.6}% 22
\BOOKMARK [2][-]{subsection.6.3}{Projections}{section.6}% 23
\BOOKMARK [1][-]{section.7}{Appendix}{}% 24
